Построение начато 22.02.2015 3:27:38.
     1>Проект "F:\Programming\WORK_PROJECT_CPLUSPLUS\CircleRubik\CircleRubik\CircleRubik.vcxproj" в узле 2 (целевые объекты build).
     1>InitializeBuildStatus:
         Создание "Debug\CircleRubik.unsuccessfulbuild", так как было задано "AlwaysCreate".
       ClCompile:
         Для всех выходных данных обновления не требуется.
         C:\Program Files\Microsoft Visual Studio 10.0\VC\bin\CL.exe /c /I"F:\SOFT\glut-3.7\include" /I"F:\SOFT\glut-3.7\lib\fglut" /ZI /nologo /W3 /WX- /Od /Oy- /D WIN32 /D _DEBUG /D _CONSOLE /D _UNICODE /D UNICODE /Gm /EHsc /RTC1 /MDd /GS /fp:precise /Zc:wchar_t /Zc:forScope /Yu"StdAfx.h" /Fp"Debug\CircleRubik.pch" /Fo"Debug\\" /Fd"Debug\vc100.pdb" /Gd /TP /analyze- /errorReport:prompt CircleRubik.cpp
         CircleRubik.cpp
       ManifestResourceCompile:
         Для всех выходных данных обновления не требуется.
       Link:
         C:\Program Files\Microsoft Visual Studio 10.0\VC\bin\link.exe /ERRORREPORT:PROMPT /OUT:"F:\Programming\WORK_PROJECT_CPLUSPLUS\CircleRubik\Debug\CircleRubik.exe" /INCREMENTAL /NOLOGO glut32.lib kernel32.lib user32.lib gdi32.lib winspool.lib comdlg32.lib advapi32.lib shell32.lib ole32.lib oleaut32.lib uuid.lib odbc32.lib odbccp32.lib /MANIFEST /ManifestFile:"Debug\CircleRubik.exe.intermediate.manifest" /MANIFESTUAC:"level='asInvoker' uiAccess='false'" /DEBUG /PDB:"F:\Programming\WORK_PROJECT_CPLUSPLUS\CircleRubik\Debug\CircleRubik.pdb" /SUBSYSTEM:CONSOLE /TLBID:1 /DYNAMICBASE /NXCOMPAT /IMPLIB:"F:\Programming\WORK_PROJECT_CPLUSPLUS\CircleRubik\Debug\CircleRubik.lib" /MACHINE:X86 Debug\CircleRubik.exe.embed.manifest.res
         Debug\CircleRubik.obj
         Debug\stdafx.obj
       Manifest:
         C:\Program Files\Microsoft SDKs\Windows\v7.0A\bin\mt.exe /nologo /verbose /out:"Debug\CircleRubik.exe.embed.manifest" /manifest Debug\CircleRubik.exe.intermediate.manifest
         Для всех выходных данных обновления не требуется.
       LinkEmbedManifest:
         Для всех выходных данных обновления не требуется.
         CircleRubik.vcxproj -> F:\Programming\WORK_PROJECT_CPLUSPLUS\CircleRubik\Debug\CircleRubik.exe
       FinalizeBuildStatus:
         Файл "Debug\CircleRubik.unsuccessfulbuild" удаляется.
         Обращение к "Debug\CircleRubik.lastbuildstate".
     1>Построение проекта "F:\Programming\WORK_PROJECT_CPLUSPLUS\CircleRubik\CircleRubik\CircleRubik.vcxproj" завершено (целевые объекты build).

Построение успешно завершено.

Затраченное время: 00:00:01.59
